Build started 6/25/2017 11:15:32 PM.
     1>Project "C:\Users\Will B\Documents\Visual Studio 2015\Projects\Tetris\Tetris\Tetris\Tetris.vcxproj" on node 2 (Rebuild target(s)).
     1>ClCompile:
         C:\Program Files (x86)\Microsoft Visual Studio 14.0\VC\bin\CL.exe /c /ZI /nologo /W3 /WX- /Od /Oy- /D WIN32 /D _DEBUG /D _CONSOLE /D _UNICODE /D UNICODE /Gm /EHsc /RTC1 /MDd /GS /fp:precise /Zc:wchar_t /Zc:forScope /Zc:inline /Fo"Debug\\" /Fd"Debug\vc140.pdb" /Gd /TP /analyze- /errorReport:prompt ConsoleManager.cpp GameBoard.cpp GridSection.cpp InputManager.cpp Piece.cpp PieceManager.cpp PreparationRow.cpp program.cpp
         program.cpp
         PreparationRow.cpp
         PieceManager.cpp
         Piece.cpp
         InputManager.cpp
         GridSection.cpp
         GameBoard.cpp
         ConsoleManager.cpp
         Generating Code...
       Link:
         C:\Program Files (x86)\Microsoft Visual Studio 14.0\VC\bin\link.exe /ERRORREPORT:PROMPT /OUT:"C:\Users\Will B\Documents\Visual Studio 2015\Projects\Tetris\Tetris\Debug\Tetris.exe" /INCREMENTAL /NOLOGO kernel32.lib user32.lib gdi32.lib winspool.lib comdlg32.lib advapi32.lib shell32.lib ole32.lib oleaut32.lib uuid.lib odbc32.lib odbccp32.lib /MANIFEST /MANIFESTUAC:"level='asInvoker' uiAccess='false'" /manifest:embed /Debug /PDB:"C:\Users\Will B\Documents\Visual Studio 2015\Projects\Tetris\Tetris\Debug\Tetris.pdb" /SUBSYSTEM:CONSOLE /TLBID:1 /DYNAMICBASE /NXCOMPAT /IMPLIB:"C:\Users\Will B\Documents\Visual Studio 2015\Projects\Tetris\Tetris\Debug\Tetris.lib" /MACHINE:X86 Debug\ConsoleManager.obj
         Debug\GameBoard.obj
         Debug\GridSection.obj
         Debug\InputManager.obj
         Debug\Piece.obj
         Debug\PieceManager.obj
         Debug\PreparationRow.obj
         Debug\program.obj
         Tetris.vcxproj -> C:\Users\Will B\Documents\Visual Studio 2015\Projects\Tetris\Tetris\Debug\Tetris.exe
     1>Done Building Project "C:\Users\Will B\Documents\Visual Studio 2015\Projects\Tetris\Tetris\Tetris\Tetris.vcxproj" (Rebuild target(s)).

Build succeeded.

Time Elapsed 00:00:04.50
