Build started 7/8/2017 5:18:09 PM.
     1>Project "C:\Users\Will B\Documents\Visual Studio 2015\Projects\Tetris\Tetris\Tetris\Tetris.vcxproj" on node 2 (Build target(s)).
     1>ClCompile:
         C:\Program Files (x86)\Microsoft Visual Studio 14.0\VC\bin\x86_amd64\CL.exe /c /Zi /nologo /W3 /WX- /O2 /Oi /GL /D NDEBUG /D _CONSOLE /D _UNICODE /D UNICODE /Gm- /EHsc /MD /GS /Gy /fp:precise /Zc:wchar_t /Zc:forScope /Zc:inline /Fo"x64\Release\\" /Fd"x64\Release\vc140.pdb" /Gd /TP /errorReport:prompt InputManager.cpp Piece.cpp PieceManager.cpp program.cpp
         InputManager.cpp
         Piece.cpp
         PieceManager.cpp
         program.cpp
       Link:
         C:\Program Files (x86)\Microsoft Visual Studio 14.0\VC\bin\x86_amd64\link.exe /ERRORREPORT:PROMPT /OUT:"C:\Users\Will B\Documents\Visual Studio 2015\Projects\Tetris\Tetris\x64\Release\Tetris.exe" /INCREMENTAL:NO /NOLOGO kernel32.lib user32.lib gdi32.lib winspool.lib comdlg32.lib advapi32.lib shell32.lib ole32.lib oleaut32.lib uuid.lib odbc32.lib odbccp32.lib /MANIFEST /MANIFESTUAC:"level='asInvoker' uiAccess='false'" /manifest:embed /Debug /PDB:"C:\Users\Will B\Documents\Visual Studio 2015\Projects\Tetris\Tetris\x64\Release\Tetris.pdb" /SUBSYSTEM:CONSOLE /OPT:REF /OPT:ICF /LTCG:incremental /TLBID:1 /DYNAMICBASE /NXCOMPAT /IMPLIB:"C:\Users\Will B\Documents\Visual Studio 2015\Projects\Tetris\Tetris\x64\Release\Tetris.lib" /MACHINE:X64 x64\Release\ConsoleManager.obj
         x64\Release\GameBoard.obj
         x64\Release\GridSection.obj
         x64\Release\InputManager.obj
         x64\Release\Piece.obj
         x64\Release\PieceManager.obj
         x64\Release\PreparationRow.obj
         x64\Release\program.obj
         Generating code
         All 451 functions were compiled because no usable IPDB/IOBJ from previous compilation was found.
         Finished generating code
         Tetris.vcxproj -> C:\Users\Will B\Documents\Visual Studio 2015\Projects\Tetris\Tetris\x64\Release\Tetris.exe
     1>Done Building Project "C:\Users\Will B\Documents\Visual Studio 2015\Projects\Tetris\Tetris\Tetris\Tetris.vcxproj" (Build target(s)).

Build succeeded.

Time Elapsed 00:00:03.67
